#
# There is insufficient memory for the Java Runtime Environment to continue.
# Native memory allocation (mmap) failed to map 1431699456 bytes for committing reserved memory.
# Possible reasons:
#   The system is out of physical RAM or swap space
#   The process is running with CompressedOops enabled, and the Java Heap may be blocking the growth of the native heap
# Possible solutions:
#   Reduce memory load on the system
#   Increase physical memory or swap space
#   Check if swap backing store is full
#   Decrease Java heap size (-Xmx/-Xms)
#   Decrease number of Java threads
#   Decrease Java thread stack sizes (-Xss)
#   Set larger code cache with -XX:ReservedCodeCacheSize=
# This output file may be truncated or incomplete.
#
#  Out of Memory Error (os_linux.cpp:2757), pid=26268, tid=0x00007f15e9e1b700
#
# JRE version:  (8.0_252-b09) (build )
# Java VM: OpenJDK 64-Bit Server VM (25.252-b09 mixed mode linux-amd64 compressed oops)
# Failed to write core dump. Core dumps have been disabled. To enable core dumping, try "ulimit -c unlimited" before starting Java again
#

---------------  T H R E A D  ---------------

Current thread (0x00007f15e000b000):  JavaThread "Unknown thread" [_thread_in_vm, id=26269, stack(0x00007f15e9d1c000,0x00007f15e9e1c000)]

Stack: [0x00007f15e9d1c000,0x00007f15e9e1c000],  sp=0x00007f15e9e1a4c0,  free space=1017k
Native frames: (J=compiled Java code, j=interpreted, Vv=VM code, C=native code)
V  [libjvm.so+0xabcb22]
V  [libjvm.so+0x4de337]
V  [libjvm.so+0x8f6ad0]
V  [libjvm.so+0x8edb9e]
V  [libjvm.so+0xab8d6c]
V  [libjvm.so+0x5e71f6]
V  [libjvm.so+0xa5533a]
V  [libjvm.so+0x5e85fd]
V  [libjvm.so+0x5d2a0f]
V  [libjvm.so+0xa7ee4a]
V  [libjvm.so+0xa7f145]
V  [libjvm.so+0x62c43f]
V  [libjvm.so+0xa62b93]
V  [libjvm.so+0x6af791]  JNI_CreateJavaVM+0x61
C  [libjli.so+0x2ce3]
C  [libjli.so+0x78cd]
C  [libpthread.so.0+0x76db]  start_thread+0xdb


---------------  P R O C E S S  ---------------

Java Threads: ( => current thread )

Other Threads:

=>0x00007f15e000b000 (exited) JavaThread "Unknown thread" [_thread_in_vm, id=26269, stack(0x00007f15e9d1c000,0x00007f15e9e1c000)]

VM state:not at safepoint (not fully initialized)

VM Mutex/Monitor currently owned by a thread: None

heap address: 0x0000000080000000, size: 2048 MB, Compressed Oops mode: Non-zero based:0x000000007ffff000
Narrow klass base: 0x0000000000000000, Narrow klass shift: 0

GC Heap History (0 events):
No events

Deoptimization events (0 events):
No events

Classes redefined (0 events):
No events

Internal exceptions (0 events):
No events

Events (0 events):
No events


Dynamic libraries:
80000000-aaaa0000 rw-p 00000000 00:00 0 
55b4fda69000-55b4fda6a000 r-xp 00000000 ca:01 512506                     /usr/lib/jvm/java-8-openjdk-amd64/jre/bin/java
55b4fdc69000-55b4fdc6a000 r--p 00000000 ca:01 512506                     /usr/lib/jvm/java-8-openjdk-amd64/jre/bin/java
55b4fdc6a000-55b4fdc6b000 rw-p 00001000 ca:01 512506                     /usr/lib/jvm/java-8-openjdk-amd64/jre/bin/java
55b4fe9c0000-55b4fea08000 rw-p 00000000 00:00 0                          [heap]
7f15d1000000-7f15d1270000 rwxp 00000000 00:00 0 
7f15d1270000-7f15e0000000 ---p 00000000 00:00 0 
7f15e0000000-7f15e0034000 rw-p 00000000 00:00 0 
7f15e0034000-7f15e4000000 ---p 00000000 00:00 0 
7f15e5e99000-7f15e5fef000 rw-p 00000000 00:00 0 
7f15e5fef000-7f15e6299000 ---p 00000000 00:00 0 
7f15e6299000-7f15e62a4000 rw-p 00000000 00:00 0 
7f15e62a4000-7f15e665a000 ---p 00000000 00:00 0 
7f15e665a000-7f15e6662000 r-xp 00000000 ca:01 512552                     /usr/lib/jvm/java-8-openjdk-amd64/jre/lib/amd64/libzip.so
7f15e6662000-7f15e6861000 ---p 00008000 ca:01 512552                     /usr/lib/jvm/java-8-openjdk-amd64/jre/lib/amd64/libzip.so
7f15e6861000-7f15e6862000 r--p 00007000 ca:01 512552                     /usr/lib/jvm/java-8-openjdk-amd64/jre/lib/amd64/libzip.so
7f15e6862000-7f15e6863000 rw-p 00008000 ca:01 512552                     /usr/lib/jvm/java-8-openjdk-amd64/jre/lib/amd64/libzip.so
7f15e6863000-7f15e686e000 r-xp 00000000 ca:01 2089                       /lib/x86_64-linux-gnu/libnss_files-2.27.so
7f15e686e000-7f15e6a6d000 ---p 0000b000 ca:01 2089                       /lib/x86_64-linux-gnu/libnss_files-2.27.so
7f15e6a6d000-7f15e6a6e000 r--p 0000a000 ca:01 2089                       /lib/x86_64-linux-gnu/libnss_files-2.27.so
7f15e6a6e000-7f15e6a6f000 rw-p 0000b000 ca:01 2089                       /lib/x86_64-linux-gnu/libnss_files-2.27.so
7f15e6a6f000-7f15e6a75000 rw-p 00000000 00:00 0 
7f15e6a75000-7f15e6a8c000 r-xp 00000000 ca:01 2086                       /lib/x86_64-linux-gnu/libnsl-2.27.so
7f15e6a8c000-7f15e6c8b000 ---p 00017000 ca:01 2086                       /lib/x86_64-linux-gnu/libnsl-2.27.so
7f15e6c8b000-7f15e6c8c000 r--p 00016000 ca:01 2086                       /lib/x86_64-linux-gnu/libnsl-2.27.so
7f15e6c8c000-7f15e6c8d000 rw-p 00017000 ca:01 2086                       /lib/x86_64-linux-gnu/libnsl-2.27.so
7f15e6c8d000-7f15e6c8f000 rw-p 00000000 00:00 0 
7f15e6c8f000-7f15e6c9a000 r-xp 00000000 ca:01 2091                       /lib/x86_64-linux-gnu/libnss_nis-2.27.so
7f15e6c9a000-7f15e6e99000 ---p 0000b000 ca:01 2091                       /lib/x86_64-linux-gnu/libnss_nis-2.27.so
7f15e6e99000-7f15e6e9a000 r--p 0000a000 ca:01 2091                       /lib/x86_64-linux-gnu/libnss_nis-2.27.so
7f15e6e9a000-7f15e6e9b000 rw-p 0000b000 ca:01 2091                       /lib/x86_64-linux-gnu/libnss_nis-2.27.so
7f15e6e9b000-7f15e6ea3000 r-xp 00000000 ca:01 2087                       /lib/x86_64-linux-gnu/libnss_compat-2.27.so
7f15e6ea3000-7f15e70a3000 ---p 00008000 ca:01 2087                       /lib/x86_64-linux-gnu/libnss_compat-2.27.so
7f15e70a3000-7f15e70a4000 r--p 00008000 ca:01 2087                       /lib/x86_64-linux-gnu/libnss_compat-2.27.so
7f15e70a4000-7f15e70a5000 rw-p 00009000 ca:01 2087                       /lib/x86_64-linux-gnu/libnss_compat-2.27.so
7f15e70a5000-7f15e70cf000 r-xp 00000000 ca:01 512533                     /usr/lib/jvm/java-8-openjdk-amd64/jre/lib/amd64/libjava.so
7f15e70cf000-7f15e72ce000 ---p 0002a000 ca:01 512533                     /usr/lib/jvm/java-8-openjdk-amd64/jre/lib/amd64/libjava.so
7f15e72ce000-7f15e72cf000 r--p 00029000 ca:01 512533                     /usr/lib/jvm/java-8-openjdk-amd64/jre/lib/amd64/libjava.so
7f15e72cf000-7f15e72d1000 rw-p 0002a000 ca:01 512533                     /usr/lib/jvm/java-8-openjdk-amd64/jre/lib/amd64/libjava.so
7f15e72d1000-7f15e72e1000 r-xp 00000000 ca:01 512551                     /usr/lib/jvm/java-8-openjdk-amd64/jre/lib/amd64/libverify.so
7f15e72e1000-7f15e74e0000 ---p 00010000 ca:01 512551                     /usr/lib/jvm/java-8-openjdk-amd64/jre/lib/amd64/libverify.so
7f15e74e0000-7f15e74e2000 r--p 0000f000 ca:01 512551                     /usr/lib/jvm/java-8-openjdk-amd64/jre/lib/amd64/libverify.so
7f15e74e2000-7f15e74e3000 rw-p 00011000 ca:01 512551                     /usr/lib/jvm/java-8-openjdk-amd64/jre/lib/amd64/libverify.so
7f15e74e3000-7f15e74ea000 r-xp 00000000 ca:01 2182                       /lib/x86_64-linux-gnu/librt-2.27.so
7f15e74ea000-7f15e76e9000 ---p 00007000 ca:01 2182                       /lib/x86_64-linux-gnu/librt-2.27.so
7f15e76e9000-7f15e76ea000 r--p 00006000 ca:01 2182                       /lib/x86_64-linux-gnu/librt-2.27.so
7f15e76ea000-7f15e76eb000 rw-p 00007000 ca:01 2182                       /lib/x86_64-linux-gnu/librt-2.27.so
7f15e76eb000-7f15e7702000 r-xp 00000000 ca:01 2065                       /lib/x86_64-linux-gnu/libgcc_s.so.1
7f15e7702000-7f15e7901000 ---p 00017000 ca:01 2065                       /lib/x86_64-linux-gnu/libgcc_s.so.1
7f15e7901000-7f15e7902000 r--p 00016000 ca:01 2065                       /lib/x86_64-linux-gnu/libgcc_s.so.1
7f15e7902000-7f15e7903000 rw-p 00017000 ca:01 2065                       /lib/x86_64-linux-gnu/libgcc_s.so.1
7f15e7903000-7f15e7aa0000 r-xp 00000000 ca:01 2083                       /lib/x86_64-linux-gnu/libm-2.27.so
7f15e7aa0000-7f15e7c9f000 ---p 0019d000 ca:01 2083                       /lib/x86_64-linux-gnu/libm-2.27.so
7f15e7c9f000-7f15e7ca0000 r--p 0019c000 ca:01 2083                       /lib/x86_64-linux-gnu/libm-2.27.so
7f15e7ca0000-7f15e7ca1000 rw-p 0019d000 ca:01 2083                       /lib/x86_64-linux-gnu/libm-2.27.so
7f15e7ca1000-7f15e7e1f000 r-xp 00000000 ca:01 6260                       /usr/lib/x86_64-linux-gnu/libstdc++.so.6.0.25
7f15e7e1f000-7f15e801f000 ---p 0017e000 ca:01 6260                       /usr/lib/x86_64-linux-gnu/libstdc++.so.6.0.25
7f15e801f000-7f15e8029000 r--p 0017e000 ca:01 6260                       /usr/lib/x86_64-linux-gnu/libstdc++.so.6.0.25
7f15e8029000-7f15e802b000 rw-p 00188000 ca:01 6260                       /usr/lib/x86_64-linux-gnu/libstdc++.so.6.0.25
7f15e802b000-7f15e802f000 rw-p 00000000 00:00 0 
7f15e802f000-7f15e8cd3000 r-xp 00000000 ca:01 512555                     /usr/lib/jvm/java-8-openjdk-amd64/jre/lib/amd64/server/libjvm.so
7f15e8cd3000-7f15e8ed3000 ---p 00ca4000 ca:01 512555                     /usr/lib/jvm/java-8-openjdk-amd64/jre/lib/amd64/server/libjvm.so
7f15e8ed3000-7f15e8f67000 r--p 00ca4000 ca:01 512555                     /usr/lib/jvm/java-8-openjdk-amd64/jre/lib/amd64/server/libjvm.so
7f15e8f67000-7f15e8f90000 rw-p 00d38000 ca:01 512555                     /usr/lib/jvm/java-8-openjdk-amd64/jre/lib/amd64/server/libjvm.so
7f15e8f90000-7f15e8fc0000 rw-p 00000000 00:00 0 
7f15e8fc0000-7f15e8fda000 r-xp 00000000 ca:01 2180                       /lib/x86_64-linux-gnu/libpthread-2.27.so
7f15e8fda000-7f15e91d9000 ---p 0001a000 ca:01 2180                       /lib/x86_64-linux-gnu/libpthread-2.27.so
7f15e91d9000-7f15e91da000 r--p 00019000 ca:01 2180                       /lib/x86_64-linux-gnu/libpthread-2.27.so
7f15e91da000-7f15e91db000 rw-p 0001a000 ca:01 2180                       /lib/x86_64-linux-gnu/libpthread-2.27.so
7f15e91db000-7f15e91df000 rw-p 00000000 00:00 0 
7f15e91df000-7f15e91e2000 r-xp 00000000 ca:01 2082                       /lib/x86_64-linux-gnu/libdl-2.27.so
7f15e91e2000-7f15e93e1000 ---p 00003000 ca:01 2082                       /lib/x86_64-linux-gnu/libdl-2.27.so
7f15e93e1000-7f15e93e2000 r--p 00002000 ca:01 2082                       /lib/x86_64-linux-gnu/libdl-2.27.so
7f15e93e2000-7f15e93e3000 rw-p 00003000 ca:01 2082                       /lib/x86_64-linux-gnu/libdl-2.27.so
7f15e93e3000-7f15e93ff000 r-xp 00000000 ca:01 2185                       /lib/x86_64-linux-gnu/libz.so.1.2.11
7f15e93ff000-7f15e95fe000 ---p 0001c000 ca:01 2185                       /lib/x86_64-linux-gnu/libz.so.1.2.11
7f15e95fe000-7f15e95ff000 r--p 0001b000 ca:01 2185                       /lib/x86_64-linux-gnu/libz.so.1.2.11
7f15e95ff000-7f15e9600000 rw-p 0001c000 ca:01 2185                       /lib/x86_64-linux-gnu/libz.so.1.2.11
7f15e9600000-7f15e97e7000 r-xp 00000000 ca:01 2079                       /lib/x86_64-linux-gnu/libc-2.27.so
7f15e97e7000-7f15e99e7000 ---p 001e7000 ca:01 2079                       /lib/x86_64-linux-gnu/libc-2.27.so
7f15e99e7000-7f15e99eb000 r--p 001e7000 ca:01 2079                       /lib/x86_64-linux-gnu/libc-2.27.so
7f15e99eb000-7f15e99ed000 rw-p 001eb000 ca:01 2079                       /lib/x86_64-linux-gnu/libc-2.27.so
7f15e99ed000-7f15e99f1000 rw-p 00000000 00:00 0 
7f15e99f1000-7f15e99ff000 r-xp 00000000 ca:01 512519                     /usr/lib/jvm/java-8-openjdk-amd64/jre/lib/amd64/jli/libjli.so
7f15e99ff000-7f15e9bfe000 ---p 0000e000 ca:01 512519                     /usr/lib/jvm/java-8-openjdk-amd64/jre/lib/amd64/jli/libjli.so
7f15e9bfe000-7f15e9bff000 r--p 0000d000 ca:01 512519                     /usr/lib/jvm/java-8-openjdk-amd64/jre/lib/amd64/jli/libjli.so
7f15e9bff000-7f15e9c00000 rw-p 0000e000 ca:01 512519                     /usr/lib/jvm/java-8-openjdk-amd64/jre/lib/amd64/jli/libjli.so
7f15e9c00000-7f15e9c27000 r-xp 00000000 ca:01 2075                       /lib/x86_64-linux-gnu/ld-2.27.so
7f15e9d13000-7f15e9d1b000 rw-s 00000000 ca:01 257632                     /tmp/hsperfdata_root/26268
7f15e9d1b000-7f15e9d1c000 ---p 00000000 00:00 0 
7f15e9d1c000-7f15e9d1f000 ---p 00000000 00:00 0 
7f15e9d1f000-7f15e9e1e000 rw-p 00000000 00:00 0 
7f15e9e23000-7f15e9e24000 rw-p 00000000 00:00 0 
7f15e9e24000-7f15e9e25000 r--p 00000000 00:00 0 
7f15e9e25000-7f15e9e27000 rw-p 00000000 00:00 0 
7f15e9e27000-7f15e9e28000 r--p 00027000 ca:01 2075                       /lib/x86_64-linux-gnu/ld-2.27.so
7f15e9e28000-7f15e9e29000 rw-p 00028000 ca:01 2075                       /lib/x86_64-linux-gnu/ld-2.27.so
7f15e9e29000-7f15e9e2a000 rw-p 00000000 00:00 0 
7ffee5c9f000-7ffee5cc0000 rw-p 00000000 00:00 0                          [stack]
7ffee5da9000-7ffee5dac000 r--p 00000000 00:00 0                          [vvar]
7ffee5dac000-7ffee5dae000 r-xp 00000000 00:00 0                          [vdso]
ffffffffff600000-ffffffffff601000 r-xp 00000000 00:00 0                  [vsyscall]

VM Arguments:
jvm_args: -Xmx2G -Xms2G 
java_command: forge-1.7.10-10.13.4.1558-1.7.10-universal.jar nogui
java_class_path (initial): forge-1.7.10-10.13.4.1558-1.7.10-universal.jar
Launcher Type: SUN_STANDARD

Environment Variables:
PATH=/usr/local/sbin:/usr/local/bin:/usr/sbin:/usr/bin:/sbin:/bin:/snap/bin
USERNAME=root
SHELL=/bin/bash

Signal Handlers:
SIGSEGV: [libjvm.so+0xabd470], sa_mask[0]=11111111011111111101111111111110, sa_flags=SA_RESTART|SA_SIGINFO
SIGBUS: [libjvm.so+0xabd470], sa_mask[0]=11111111011111111101111111111110, sa_flags=SA_RESTART|SA_SIGINFO
SIGFPE: [libjvm.so+0x8f1c90], sa_mask[0]=11111111011111111101111111111110, sa_flags=SA_RESTART|SA_SIGINFO
SIGPIPE: [libjvm.so+0x8f1c90], sa_mask[0]=11111111011111111101111111111110, sa_flags=SA_RESTART|SA_SIGINFO
SIGXFSZ: [libjvm.so+0x8f1c90], sa_mask[0]=11111111011111111101111111111110, sa_flags=SA_RESTART|SA_SIGINFO
SIGILL: [libjvm.so+0x8f1c90], sa_mask[0]=11111111011111111101111111111110, sa_flags=SA_RESTART|SA_SIGINFO
SIGUSR1: SIG_DFL, sa_mask[0]=00000000000000000000000000000000, sa_flags=none
SIGUSR2: [libjvm.so+0x8f1b40], sa_mask[0]=00000000000000000000000000000000, sa_flags=SA_RESTART|SA_SIGINFO
SIGHUP: SIG_DFL, sa_mask[0]=00000000000000000000000000000000, sa_flags=none
SIGINT: SIG_DFL, sa_mask[0]=00000000000000000000000000000000, sa_flags=none
SIGTERM: SIG_DFL, sa_mask[0]=00000000000000000000000000000000, sa_flags=none
SIGQUIT: SIG_DFL, sa_mask[0]=00000000000000000000000000000000, sa_flags=none


---------------  S Y S T E M  ---------------

OS:DISTRIB_ID=Ubuntu
DISTRIB_RELEASE=18.04
DISTRIB_CODENAME=bionic
DISTRIB_DESCRIPTION="Ubuntu 18.04.1 LTS"

uname:Linux 4.15.0-1021-aws #21-Ubuntu SMP Tue Aug 28 10:23:07 UTC 2018 x86_64
libc:glibc 2.27 NPTL 2.27 
rlimit: STACK 8192k, CORE 0k, NPROC 7873, NOFILE 1048576, AS infinity
load average:0.00 0.02 0.08

/proc/meminfo:
MemTotal:        2039732 kB
MemFree:          553512 kB
MemAvailable:     947340 kB
Buffers:           59548 kB
Cached:           450240 kB
SwapCached:            0 kB
Active:          1103000 kB
Inactive:         275124 kB
Active(anon):     872684 kB
Inactive(anon):      512 kB
Active(file):     230316 kB
Inactive(file):   274612 kB
Unevictable:        5408 kB
Mlocked:            5408 kB
SwapTotal:             0 kB
SwapFree:              0 kB
Dirty:               460 kB
Writeback:             0 kB
AnonPages:        873788 kB
Mapped:            79756 kB
Shmem:               808 kB
Slab:              70580 kB
SReclaimable:      41180 kB
SUnreclaim:        29400 kB
KernelStack:        2584 kB
PageTables:         8896 kB
NFS_Unstable:          0 kB
Bounce:                0 kB
WritebackTmp:          0 kB
CommitLimit:     1019864 kB
Committed_AS:    3257308 kB
VmallocTotal:   34359738367 kB
VmallocUsed:           0 kB
VmallocChunk:          0 kB
HardwareCorrupted:     0 kB
AnonHugePages:         0 kB
ShmemHugePages:        0 kB
ShmemPmdMapped:        0 kB
CmaTotal:              0 kB
CmaFree:               0 kB
HugePages_Total:       0
HugePages_Free:        0
HugePages_Rsvd:        0
HugePages_Surp:        0
Hugepagesize:       2048 kB
DirectMap4k:       71680 kB
DirectMap2M:     2025472 kB

container (cgroup) information:
container_type: cgroupv1
cpu_cpuset_cpus: 0
cpu_memory_nodes: 0
active_processor_count: 1
cpu_quota: -1
cpu_period: 100000
cpu_shares: -1
memory_limit_in_bytes: -1
memory_and_swap_limit_in_bytes: -2
memory_soft_limit_in_bytes: -1
memory_usage_in_bytes: 1128529920
memory_max_usage_in_bytes: 1618427904


CPU:total 1 (initial active 1) (1 cores per cpu, 1 threads per core) family 6 model 79 stepping 1, cmov, cx8, fxsr, mmx, sse, sse2, sse3, ssse3, sse4.1, sse4.2, popcnt, avx, avx2, aes, clmul, erms, lzcnt, tsc, bmi1, bmi2

/proc/cpuinfo:
processor	: 0
vendor_id	: GenuineIntel
cpu family	: 6
model		: 79
model name	: Intel(R) Xeon(R) CPU E5-2686 v4 @ 2.30GHz
stepping	: 1
microcode	: 0xb000038
cpu MHz		: 2300.013
cache size	: 46080 KB
physical id	: 0
siblings	: 1
core id		: 0
cpu cores	: 1
apicid		: 0
initial apicid	: 0
fpu		: yes
fpu_exception	: yes
cpuid level	: 13
wp		: yes
flags		: fpu vme de pse tsc msr pae mce cx8 apic sep mtrr pge mca cmov pat pse36 clflush mmx fxsr sse sse2 ht syscall nx rdtscp lm constant_tsc rep_good nopl xtopology cpuid pni pclmulqdq ssse3 fma cx16 pcid sse4_1 sse4_2 x2apic movbe popcnt tsc_deadline_timer aes xsave avx f16c rdrand hypervisor lahf_lm abm cpuid_fault invpcid_single pti fsgsbase bmi1 avx2 smep bmi2 erms invpcid xsaveopt
bugs		: cpu_meltdown spectre_v1 spectre_v2 spec_store_bypass l1tf
bogomips	: 4600.16
clflush size	: 64
cache_alignment	: 64
address sizes	: 46 bits physical, 48 bits virtual
power management:



Memory: 4k page, physical 2039732k(553512k free), swap 0k(0k free)

vm_info: OpenJDK 64-Bit Server VM (25.252-b09) for linux-amd64 JRE (1.8.0_252-8u252-b09-1~18.04-b09), built on Apr 15 2020 18:48:05 by "buildd" with gcc 7.5.0

time: Sun Jun 14 04:02:41 2020
timezone: UTC
elapsed time: 0 seconds (0d 0h 0m 0s)

