[21:26:05] [Server thread/INFO]: Starting minecraft server version 1.7.10
[21:26:05] [Server console handler/ERROR]: Exception handling console input
java.io.IOException: Bad file descriptor
	at java.io.FileInputStream.readBytes(Native Method) ~[?:1.8.0_252]
	at java.io.FileInputStream.read(FileInputStream.java:255) ~[?:1.8.0_252]
	at java.io.BufferedInputStream.read1(BufferedInputStream.java:284) ~[?:1.8.0_252]
	at java.io.BufferedInputStream.read(BufferedInputStream.java:345) ~[?:1.8.0_252]
	at sun.nio.cs.StreamDecoder.readBytes(StreamDecoder.java:284) ~[?:1.8.0_252]
	at sun.nio.cs.StreamDecoder.implRead(StreamDecoder.java:326) ~[?:1.8.0_252]
	at sun.nio.cs.StreamDecoder.read(StreamDecoder.java:178) ~[?:1.8.0_252]
	at java.io.InputStreamReader.read(InputStreamReader.java:184) ~[?:1.8.0_252]
	at java.io.BufferedReader.fill(BufferedReader.java:161) ~[?:1.8.0_252]
	at java.io.BufferedReader.readLine(BufferedReader.java:324) ~[?:1.8.0_252]
	at java.io.BufferedReader.readLine(BufferedReader.java:389) ~[?:1.8.0_252]
	at net.minecraft.server.dedicated.DedicatedServer$2.run(DedicatedServer.java:97) [lv.class:?]
[21:26:18] [Server thread/INFO]: Loading properties
[21:26:18] [Server thread/INFO]: Default game type: SURVIVAL
[21:26:18] [Server thread/INFO]: Generating keypair
[21:26:19] [Server thread/INFO]: Starting Minecraft server on *:42069
[21:26:20] [Server thread/INFO]: Preparing level "Wakanda"
[21:26:20] [Server thread/INFO]: Preparing start region for level 0
[21:26:25] [Server thread/INFO]: Preparing spawn area: 0%
[21:26:26] [Server thread/INFO]: Preparing spawn area: 24%
[21:26:27] [Server thread/INFO]: Done (7.632s)! For help, type "help" or "?"
[21:26:33] [User Authenticator #1/INFO]: UUID of player Wyattflash is 500cc382-c6b4-42ea-994b-128f89483fd6
[21:26:34] [Server thread/INFO]: Wyattflash[/74.134.88.43:53879] logged in with entity id 326 at (79.68937622612435, 64.0, 192.75291378518563)
[21:26:34] [Server thread/INFO]: Wyattflash joined the game
[21:26:38] [Server thread/INFO]: Wyattflash lost connection: TextComponent{text='Disconnected', siblings=[], style=Style{hasParent=false, color=null, bold=null, italic=null, underlined=null, obfuscated=null, clickEvent=null, hoverEvent=null}}
[21:26:38] [Server thread/INFO]: Wyattflash left the game
[21:26:44] [User Authenticator #2/INFO]: UUID of player Wyattflash is 500cc382-c6b4-42ea-994b-128f89483fd6
[21:26:44] [Server thread/INFO]: Wyattflash[/74.134.88.43:53885] logged in with entity id 471 at (79.68937622612435, 64.0, 192.75291378518563)
[21:26:44] [Server thread/INFO]: Wyattflash joined the game
[21:30:10] [Server thread/INFO]: Wyattflash fell out of the world
[21:33:17] [Server thread/WARN]: Can't keep up! Did the system time change, or is the server overloaded? Running 2775ms behind, skipping 55 tick(s)
[21:35:10] [Server thread/INFO]: Wyattflash lost connection: TextComponent{text='Disconnected', siblings=[], style=Style{hasParent=false, color=null, bold=null, italic=null, underlined=null, obfuscated=null, clickEvent=null, hoverEvent=null}}
[21:35:11] [Server thread/INFO]: Wyattflash left the game
[21:51:22] [Server thread/WARN]: Can't keep up! Did the system time change, or is the server overloaded? Running 502735ms behind, skipping 10054 tick(s)
[21:51:37] [Server thread/WARN]: Can't keep up! Did the system time change, or is the server overloaded? Running 8441ms behind, skipping 168 tick(s)
[21:53:07] [Server thread/WARN]: Can't keep up! Did the system time change, or is the server overloaded? Running 56966ms behind, skipping 1139 tick(s)
[21:53:39] [Server thread/WARN]: Can't keep up! Did the system time change, or is the server overloaded? Running 5071ms behind, skipping 101 tick(s)
[21:56:20] [Server thread/WARN]: Can't keep up! Did the system time change, or is the server overloaded? Running 144115ms behind, skipping 2882 tick(s)
[21:56:28] [Server thread/WARN]: Can't keep up! Did the system time change, or is the server overloaded? Running 4041ms behind, skipping 80 tick(s)
[21:58:37] [Server thread/WARN]: Can't keep up! Did the system time change, or is the server overloaded? Running 99202ms behind, skipping 1984 tick(s)
[21:58:42] [Server thread/WARN]: Can't keep up! Did the system time change, or is the server overloaded? Running 5464ms behind, skipping 109 tick(s)
[22:04:01] [Server thread/WARN]: Can't keep up! Did the system time change, or is the server overloaded? Running 224499ms behind, skipping 4489 tick(s)
[22:05:33] [Server thread/WARN]: Can't keep up! Did the system time change, or is the server overloaded? Running 52134ms behind, skipping 1042 tick(s)
[22:07:07] [Server thread/WARN]: Can't keep up! Did the system time change, or is the server overloaded? Running 51101ms behind, skipping 1022 tick(s)
[22:07:12] [Server thread/WARN]: Can't keep up! Did the system time change, or is the server overloaded? Running 2116ms behind, skipping 42 tick(s)
[22:09:08] [Server thread/WARN]: Can't keep up! Did the system time change, or is the server overloaded? Running 77739ms behind, skipping 1554 tick(s)
[22:09:20] [Server thread/WARN]: Can't keep up! Did the system time change, or is the server overloaded? Running 7032ms behind, skipping 140 tick(s)
[22:09:41] [Server thread/WARN]: Can't keep up! Did the system time change, or is the server overloaded? Running 2230ms behind, skipping 44 tick(s)
[22:10:42] [Server thread/WARN]: Can't keep up! Did the system time change, or is the server overloaded? Running 44523ms behind, skipping 890 tick(s)
[22:11:01] [Server thread/WARN]: Can't keep up! Did the system time change, or is the server overloaded? Running 9364ms behind, skipping 187 tick(s)
[22:11:14] [Server thread/WARN]: Can't keep up! Did the system time change, or is the server overloaded? Running 2802ms behind, skipping 56 tick(s)
[22:11:35] [Server thread/WARN]: Can't keep up! Did the system time change, or is the server overloaded? Running 7314ms behind, skipping 146 tick(s)
[22:12:31] [Server thread/WARN]: Can't keep up! Did the system time change, or is the server overloaded? Running 2768ms behind, skipping 55 tick(s)
[22:12:57] [Server thread/WARN]: Can't keep up! Did the system time change, or is the server overloaded? Running 5216ms behind, skipping 104 tick(s)
[22:14:05] [Server thread/WARN]: Can't keep up! Did the system time change, or is the server overloaded? Running 53530ms behind, skipping 1070 tick(s)
[22:14:39] [Server thread/WARN]: Can't keep up! Did the system time change, or is the server overloaded? Running 4670ms behind, skipping 93 tick(s)
[22:15:42] [Server thread/WARN]: Can't keep up! Did the system time change, or is the server overloaded? Running 49830ms behind, skipping 996 tick(s)
[22:16:08] [Server thread/WARN]: Can't keep up! Did the system time change, or is the server overloaded? Running 11550ms behind, skipping 231 tick(s)
[22:17:49] [Server thread/WARN]: Can't keep up! Did the system time change, or is the server overloaded? Running 76661ms behind, skipping 1533 tick(s)
[22:18:03] [Server thread/WARN]: Can't keep up! Did the system time change, or is the server overloaded? Running 3183ms behind, skipping 63 tick(s)
[22:18:52] [Server thread/WARN]: Can't keep up! Did the system time change, or is the server overloaded? Running 18576ms behind, skipping 371 tick(s)
[22:19:11] [Server thread/WARN]: Can't keep up! Did the system time change, or is the server overloaded? Running 2324ms behind, skipping 46 tick(s)
[22:19:33] [Server thread/WARN]: Can't keep up! Did the system time change, or is the server overloaded? Running 4332ms behind, skipping 86 tick(s)
[22:20:28] [Server thread/WARN]: Can't keep up! Did the system time change, or is the server overloaded? Running 45043ms behind, skipping 900 tick(s)
[22:21:05] [Server thread/WARN]: Can't keep up! Did the system time change, or is the server overloaded? Running 33339ms behind, skipping 666 tick(s)
[22:22:07] [Server thread/WARN]: Can't keep up! Did the system time change, or is the server overloaded? Running 62107ms behind, skipping 1242 tick(s)
[22:22:18] [Server thread/WARN]: Can't keep up! Did the system time change, or is the server overloaded? Running 6764ms behind, skipping 135 tick(s)
[22:22:59] [Server thread/WARN]: Can't keep up! Did the system time change, or is the server overloaded? Running 32440ms behind, skipping 648 tick(s)
[22:23:49] [Server thread/WARN]: Can't keep up! Did the system time change, or is the server overloaded? Running 36240ms behind, skipping 724 tick(s)
[22:24:04] [Server thread/WARN]: Can't keep up! Did the system time change, or is the server overloaded? Running 6042ms behind, skipping 120 tick(s)
[22:24:20] [Server thread/WARN]: Can't keep up! Did the system time change, or is the server overloaded? Running 2879ms behind, skipping 57 tick(s)
[22:25:16] [Server thread/WARN]: Can't keep up! Did the system time change, or is the server overloaded? Running 35805ms behind, skipping 716 tick(s)
[22:25:39] [Server thread/WARN]: Can't keep up! Did the system time change, or is the server overloaded? Running 10202ms behind, skipping 204 tick(s)
[22:26:06] [Server thread/WARN]: Can't keep up! Did the system time change, or is the server overloaded? Running 9222ms behind, skipping 184 tick(s)
[22:27:01] [Server thread/WARN]: Can't keep up! Did the system time change, or is the server overloaded? Running 44656ms behind, skipping 893 tick(s)
[22:27:14] [Server thread/WARN]: Can't keep up! Did the system time change, or is the server overloaded? Running 2476ms behind, skipping 49 tick(s)
[22:27:50] [Server thread/WARN]: Can't keep up! Did the system time change, or is the server overloaded? Running 16951ms behind, skipping 339 tick(s)
[22:28:52] [Server thread/WARN]: Can't keep up! Did the system time change, or is the server overloaded? Running 57481ms behind, skipping 1149 tick(s)
[22:31:41] [Server thread/WARN]: Can't keep up! Did the system time change, or is the server overloaded? Running 126809ms behind, skipping 2536 tick(s)
[22:32:25] [Server thread/WARN]: Can't keep up! Did the system time change, or is the server overloaded? Running 9390ms behind, skipping 187 tick(s)
[22:32:33] [Server thread/WARN]: Can't keep up! Did the system time change, or is the server overloaded? Running 2193ms behind, skipping 43 tick(s)
[22:33:19] [Server thread/WARN]: Can't keep up! Did the system time change, or is the server overloaded? Running 3093ms behind, skipping 61 tick(s)
[22:34:12] [Server thread/WARN]: Can't keep up! Did the system time change, or is the server overloaded? Running 9356ms behind, skipping 187 tick(s)
[22:34:44] [Server thread/WARN]: Can't keep up! Did the system time change, or is the server overloaded? Running 3370ms behind, skipping 67 tick(s)
[22:38:21] [Server thread/WARN]: Can't keep up! Did the system time change, or is the server overloaded? Running 204050ms behind, skipping 4081 tick(s)
[22:38:23] [Server Shutdown Thread/INFO]: Stopping server
